/home/kakuiyuya01/.anyenv/envs/rbenv/versions/2.1.0/bin/ruby extconf.rb 
checking for Ruby version >= 1.8.5... yes
checking for gcc... yes
checking for Magick-config... yes
checking for ImageMagick version >= 6.4.9... yes
checking for stdint.h... yes
checking for sys/types.h... yes
checking for wand/MagickWand.h... yes
checking for snprintf() in assert.h,ctype.h,stdio.h,stdlib.h,math.h,time.h,stdint.h,sys/types.h,wand/MagickWand.h... yes
checking for AcquireImage() in assert.h,ctype.h,stdio.h,stdlib.h,math.h,time.h,stdint.h,sys/types.h,wand/MagickWand.h... yes
checking for AffinityImage() in assert.h,ctype.h,stdio.h,stdlib.h,math.h,time.h,stdint.h,sys/types.h,wand/MagickWand.h... yes
checking for AffinityImages() in assert.h,ctype.h,stdio.h,stdlib.h,math.h,time.h,stdint.h,sys/types.h,wand/MagickWand.h... yes
checking for AutoGammaImageChannel() in assert.h,ctype.h,stdio.h,stdlib.h,math.h,time.h,stdint.h,sys/types.h,wand/MagickWand.h... no
checking for AutoLevelImageChannel() in assert.h,ctype.h,stdio.h,stdlib.h,math.h,time.h,stdint.h,sys/types.h,wand/MagickWand.h... no
checking for BlueShiftImage() in assert.h,ctype.h,stdio.h,stdlib.h,math.h,time.h,stdint.h,sys/types.h,wand/MagickWand.h... yes
checking for ConstituteComponentTerminus() in assert.h,ctype.h,stdio.h,stdlib.h,math.h,time.h,stdint.h,sys/types.h,wand/MagickWand.h... no
checking for DeskewImage() in assert.h,ctype.h,stdio.h,stdlib.h,math.h,time.h,stdint.h,sys/types.h,wand/MagickWand.h... yes
checking for EncipherImage() in assert.h,ctype.h,stdio.h,stdlib.h,math.h,time.h,stdint.h,sys/types.h,wand/MagickWand.h... yes
checking for EqualizeImageChannel() in assert.h,ctype.h,stdio.h,stdlib.h,math.h,time.h,stdint.h,sys/types.h,wand/MagickWand.h... yes
checking for FloodfillPaintImage() in assert.h,ctype.h,stdio.h,stdlib.h,math.h,time.h,stdint.h,sys/types.h,wand/MagickWand.h... yes
checking for FunctionImageChannel() in assert.h,ctype.h,stdio.h,stdlib.h,math.h,time.h,stdint.h,sys/types.h,wand/MagickWand.h... yes
checking for GetAuthenticIndexQueue() in assert.h,ctype.h,stdio.h,stdlib.h,math.h,time.h,stdint.h,sys/types.h,wand/MagickWand.h... yes
checking for GetAuthenticPixels() in assert.h,ctype.h,stdio.h,stdlib.h,math.h,time.h,stdint.h,sys/types.h,wand/MagickWand.h... yes
checking for GetImageAlphaChannel() in assert.h,ctype.h,stdio.h,stdlib.h,math.h,time.h,stdint.h,sys/types.h,wand/MagickWand.h... yes
checking for GetVirtualPixels() in assert.h,ctype.h,stdio.h,stdlib.h,math.h,time.h,stdint.h,sys/types.h,wand/MagickWand.h... yes
checking for LevelImageColors() in assert.h,ctype.h,stdio.h,stdlib.h,math.h,time.h,stdint.h,sys/types.h,wand/MagickWand.h... yes
checking for LevelColorsImageChannel() in assert.h,ctype.h,stdio.h,stdlib.h,math.h,time.h,stdint.h,sys/types.h,wand/MagickWand.h... no
checking for LevelizeImageChannel() in assert.h,ctype.h,stdio.h,stdlib.h,math.h,time.h,stdint.h,sys/types.h,wand/MagickWand.h... yes
checking for LiquidRescaleImage() in assert.h,ctype.h,stdio.h,stdlib.h,math.h,time.h,stdint.h,sys/types.h,wand/MagickWand.h... yes
checking for MagickLibAddendum() in assert.h,ctype.h,stdio.h,stdlib.h,math.h,time.h,stdint.h,sys/types.h,wand/MagickWand.h... no
checking for OpaquePaintImageChannel() in assert.h,ctype.h,stdio.h,stdlib.h,math.h,time.h,stdint.h,sys/types.h,wand/MagickWand.h... yes
checking for QueueAuthenticPixels() in assert.h,ctype.h,stdio.h,stdlib.h,math.h,time.h,stdint.h,sys/types.h,wand/MagickWand.h... yes
checking for RemapImage() in assert.h,ctype.h,stdio.h,stdlib.h,math.h,time.h,stdint.h,sys/types.h,wand/MagickWand.h... yes
checking for RemoveImageArtifact() in assert.h,ctype.h,stdio.h,stdlib.h,math.h,time.h,stdint.h,sys/types.h,wand/MagickWand.h... yes
checking for SelectiveBlurImageChannel() in assert.h,ctype.h,stdio.h,stdlib.h,math.h,time.h,stdint.h,sys/types.h,wand/MagickWand.h... yes
checking for SetImageAlphaChannel() in assert.h,ctype.h,stdio.h,stdlib.h,math.h,time.h,stdint.h,sys/types.h,wand/MagickWand.h... yes
checking for SetImageArtifact() in assert.h,ctype.h,stdio.h,stdlib.h,math.h,time.h,stdint.h,sys/types.h,wand/MagickWand.h... yes
checking for SetMagickMemoryMethods() in assert.h,ctype.h,stdio.h,stdlib.h,math.h,time.h,stdint.h,sys/types.h,wand/MagickWand.h... yes
checking for SparseColorImage() in assert.h,ctype.h,stdio.h,stdlib.h,math.h,time.h,stdint.h,sys/types.h,wand/MagickWand.h... yes
checking for SyncAuthenticPixels() in assert.h,ctype.h,stdio.h,stdlib.h,math.h,time.h,stdint.h,sys/types.h,wand/MagickWand.h... yes
checking for TransformImageColorspace() in assert.h,ctype.h,stdio.h,stdlib.h,math.h,time.h,stdint.h,sys/types.h,wand/MagickWand.h... yes
checking for TransparentPaintImage() in assert.h,ctype.h,stdio.h,stdlib.h,math.h,time.h,stdint.h,sys/types.h,wand/MagickWand.h... yes
checking for TransparentPaintImageChroma() in assert.h,ctype.h,stdio.h,stdlib.h,math.h,time.h,stdint.h,sys/types.h,wand/MagickWand.h... yes
checking for QueryMagickColorname() new signature... yes
checking for Image.type in assert.h,ctype.h,stdio.h,stdlib.h,math.h,time.h,stdint.h,sys/types.h,wand/MagickWand.h... yes
checking for DrawInfo.kerning in assert.h,ctype.h,stdio.h,stdlib.h,math.h,time.h,stdint.h,sys/types.h,wand/MagickWand.h... yes
checking for DrawInfo.interline_spacing in assert.h,ctype.h,stdio.h,stdlib.h,math.h,time.h,stdint.h,sys/types.h,wand/MagickWand.h... no
checking for DrawInfo.interword_spacing in assert.h,ctype.h,stdio.h,stdlib.h,math.h,time.h,stdint.h,sys/types.h,wand/MagickWand.h... yes
checking for DitherMethod in assert.h,ctype.h,stdio.h,stdlib.h,math.h,time.h,stdint.h,sys/types.h,wand/MagickWand.h... yes
checking for MagickFunction in assert.h,ctype.h,stdio.h,stdlib.h,math.h,time.h,stdint.h,sys/types.h,wand/MagickWand.h... yes
checking for ImageLayerMethod in assert.h,ctype.h,stdio.h,stdlib.h,math.h,time.h,stdint.h,sys/types.h,wand/MagickWand.h... yes
checking for long double in assert.h,ctype.h,stdio.h,stdlib.h,math.h,time.h,stdint.h,sys/types.h,wand/MagickWand.h... yes
checking for AlphaChannelType.CopyAlphaChannel... yes
checking for AlphaChannelType.BackgroundAlphaChannel... yes
checking for CompositeOperator.BlurCompositeOp... yes
checking for CompositeOperator.DistortCompositeOp... yes
checking for CompositeOperator.LinearBurnCompositeOp... yes
checking for CompositeOperator.LinearDodgeCompositeOp... yes
checking for CompositeOperator.MathematicsCompositeOp... yes
checking for CompositeOperator.PegtopLightCompositeOp... yes
checking for CompositeOperator.PinLightCompositeOp... yes
checking for CompositeOperator.VividLightCompositeOp... yes
checking for CompressionType.DXT1Compression... yes
checking for CompressionType.DXT3Compression... yes
checking for CompressionType.DXT5Compression... yes
checking for CompressionType.ZipSCompression... no
checking for CompressionType.PizCompression... no
checking for CompressionType.Pxr24Compression... no
checking for CompressionType.B44Compression... no
checking for CompressionType.B44ACompression... no
checking for DistortImageMethod.BarrelDistortion... yes
checking for DistortImageMethod.BarrelInverseDistortion... yes
checking for DistortImageMethod.BilinearForwardDistortion... yes
checking for DistortImageMethod.BilinearReverseDistortion... yes
checking for DistortImageMethod.DePolarDistortion... yes
checking for DistortImageMethod.PolarDistortion... yes
checking for DistortImageMethod.PolynomialDistortion... yes
checking for DistortImageMethod.ShepardsDistortion... yes
checking for DitherMethod.NoDitherMethod... yes
checking for FilterTypes.KaiserFilter... yes
checking for FilterTypes.WelshFilter... yes
checking for FilterTypes.ParzenFilter... yes
checking for FilterTypes.LagrangeFilter... yes
checking for FilterTypes.BohmanFilter... yes
checking for FilterTypes.BartlettFilter... yes
checking for FilterTypes.SentinelFilter... yes
checking for MagickEvaluateOperator.PowEvaluateOperator... yes
checking for MagickEvaluateOperator.LogEvaluateOperator... yes
checking for MagickEvaluateOperator.ThresholdEvaluateOperator... yes
checking for MagickEvaluateOperator.ThresholdBlackEvaluateOperator... yes
checking for MagickEvaluateOperator.ThresholdWhiteEvaluateOperator... yes
checking for MagickEvaluateOperator.GaussianNoiseEvaluateOperator... yes
checking for MagickEvaluateOperator.ImpulseNoiseEvaluateOperator... yes
checking for MagickEvaluateOperator.LaplacianNoiseEvaluateOperator... yes
checking for MagickEvaluateOperator.MultiplicativeNoiseEvaluateOperator... yes
checking for MagickEvaluateOperator.PoissonNoiseEvaluateOperator... yes
checking for MagickEvaluateOperator.UniformNoiseEvaluateOperator... yes
checking for MagickEvaluateOperator.CosineEvaluateOperator... yes
checking for MagickEvaluateOperator.SineEvaluateOperator... yes
checking for MagickEvaluateOperator.AddModulusEvaluateOperator... yes
checking for MagickFunction.ArcsinFunction... yes
checking for MagickFunction.ArctanFunction... yes
checking for MagickFunction.PolynomialFunction... yes
checking for MagickFunction.SinusoidFunction... yes
checking for ImageLayerMethod.FlattenLayer... yes
checking for ImageLayerMethod.MergeLayer... yes
checking for ImageLayerMethod.MosaicLayer... yes
checking for ImageLayerMethod.TrimBoundsLayer... yes
checking for VirtualPixelMethod.HorizontalTileVirtualPixelMethod... yes
checking for VirtualPixelMethod.VerticalTileVirtualPixelMethod... yes
checking for VirtualPixelMethod.HorizontalTileEdgeVirtualPixelMethod... yes
checking for VirtualPixelMethod.VerticalTileEdgeVirtualPixelMethod... yes
checking for VirtualPixelMethod.CheckerTileVirtualPixelMethod... yes
checking for ruby/io.h... yes
checking for rb_frame_this_func() in ruby.h,ruby/io.h... yes
creating extconf.h
creating Makefile


======================================================================
Fri 03Oct14 16:01:59
This installation of RMagick 0.0.0 is configured for
Ruby 2.1.0 (x86_64-linux) and ImageMagick 6.5.4 Q16 
======================================================================



make "DESTDIR=" clean

make "DESTDIR="
compiling rmmain.c
compiling rmstruct.c
compiling rmpixel.c
compiling rmenum.c
compiling rmimage.c
compiling rmutil.c
compiling rmagick.c
compiling rmilist.c
compiling rmmontage.c
compiling rminfo.c
compiling rmfill.c
compiling rmdraw.c
linking shared-object RMagick2.so

make "DESTDIR=" install
/usr/bin/install -c -m 0755 RMagick2.so ./.gem.20141003-6435-4ye4oa
installing default RMagick2 libraries
